============================= test session starts =============================
platform win32 -- Python 3.13.3, pytest-9.0.1, pluggy-1.6.0 -- C:\Users\lucas\AppData\Local\Programs\Python\Python313\python.exe
cachedir: .pytest_cache
rootdir: C:\Users\lucas\Documents\Be Web\Lunux-AI\PAMPAr-Coder
plugins: anyio-4.9.0
collecting ... collected 109 items

tests/test_memoria.py::TestClasificadorPareto::test_texto_vacio_es_nivel_cero PASSED [  0%]
tests/test_memoria.py::TestClasificadorPareto::test_texto_whitespace_es_nivel_cero PASSED [  1%]
tests/test_memoria.py::TestClasificadorPareto::test_codigo_simple_score_bajo PASSED [  2%]
tests/test_memoria.py::TestClasificadorPareto::test_codigo_denso_nivel_minimo_uno PASSED [  3%]
tests/test_memoria.py::TestClasificadorPareto::test_importancia_en_rango_valido PASSED [  4%]
tests/test_memoria.py::TestClasificadorPareto::test_loss_alta_sube_importancia PASSED [  5%]
tests/test_memoria.py::TestClasificadorPareto::test_novedad_maxima_sin_existentes PASSED [  6%]
tests/test_memoria.py::TestClasificadorPareto::test_novedad_baja_con_texto_identico PASSED [  7%]
tests/test_memoria.py::TestClasificadorPareto::test_id_generado_automaticamente PASSED [  8%]
tests/test_memoria.py::TestClasificadorPareto::test_territorio_detectado PASSED [  9%]
tests/test_memoria.py::TestClasificadorPareto::test_tipo_preservado PASSED [ 10%]
tests/test_memoria.py::TestRAGResidual::test_agregar_nivel_cero_retorna_false PASSED [ 11%]
tests/test_memoria.py::TestRAGResidual::test_agregar_nivel_uno_retorna_true PASSED [ 11%]
tests/test_memoria.py::TestRAGResidual::test_agregar_nivel_dos_y_tres PASSED [ 12%]
tests/test_memoria.py::TestRAGResidual::test_agregar_duplicado_no_duplica PASSED [ 13%]
tests/test_memoria.py::TestRAGResidual::test_agregar_duplicado_incrementa_frecuencia PASSED [ 14%]
tests/test_memoria.py::TestRAGResidual::test_recuperar_retorna_lista PASSED [ 15%]
tests/test_memoria.py::TestRAGResidual::test_recuperar_encuentra_entradas PASSED [ 16%]
tests/test_memoria.py::TestRAGResidual::test_eliminar_por_nivel_correcto PASSED [ 17%]
tests/test_memoria.py::TestRAGResidual::test_formatear_contexto_vacio PASSED [ 18%]
tests/test_memoria.py::TestRAGResidual::test_formatear_contexto_incluye_marcador PASSED [ 19%]
tests/test_memoria.py::TestRAGResidual::test_stats_claves_esperadas PASSED [ 20%]
tests/test_memoria.py::TestRAGResidual::test_stats_contadores_coherentes PASSED [ 21%]
tests/test_memoria.py::TestColaFinetune::test_agregar_nivel_menor_tres_no_agrega PASSED [ 22%]
tests/test_memoria.py::TestColaFinetune::test_agregar_nivel_tres_agrega PASSED [ 22%]
tests/test_memoria.py::TestColaFinetune::test_agregar_duplicado_no_duplica PASSED [ 23%]
tests/test_memoria.py::TestColaFinetune::test_stats_total_correcto PASSED [ 24%]
tests/test_memoria.py::TestColaFinetune::test_stats_listos_cuando_supera_umbral PASSED [ 25%]
tests/test_memoria.py::TestColaFinetune::test_exportar_dataset_crea_jsonl PASSED [ 26%]
tests/test_memoria.py::TestColaFinetune::test_exportar_dataset_formato_alpaca PASSED [ 27%]
tests/test_memoria.py::TestColaFinetune::test_vaciar_post_finetune PASSED [ 28%]
tests/test_memoria.py::TestColaFinetune::test_proponer_usuario_retorna_string PASSED [ 29%]
tests/test_memoria.py::TestColaFinetune::test_persistencia_entre_instancias PASSED [ 30%]
tests/test_runtime.py::TestSystemPrompt::test_contiene_instruccion_leer PASSED [ 31%]
tests/test_runtime.py::TestSystemPrompt::test_contiene_instruccion_ejecutar PASSED [ 32%]
tests/test_runtime.py::TestSystemPrompt::test_contiene_instruccion_tests PASSED [ 33%]
tests/test_runtime.py::TestSystemPrompt::test_en_espanol PASSED          [ 33%]
tests/test_runtime.py::TestLogicaSinModelo::test_parece_codigo_con_def PASSED [ 34%]
tests/test_runtime.py::TestLogicaSinModelo::test_parece_codigo_con_class PASSED [ 35%]
tests/test_runtime.py::TestLogicaSinModelo::test_parece_codigo_con_import PASSED [ 36%]
tests/test_runtime.py::TestLogicaSinModelo::test_no_parece_codigo_texto_simple PASSED [ 37%]
tests/test_runtime.py::TestLogicaSinModelo::test_construir_prompt_incluye_system PASSED [ 38%]
tests/test_runtime.py::TestLogicaSinModelo::test_construir_prompt_incluye_mensaje_usuario PASSED [ 39%]
tests/test_runtime.py::TestLogicaSinModelo::test_construir_prompt_incluye_ctx_rag PASSED [ 40%]
tests/test_runtime.py::TestLogicaSinModelo::test_construir_prompt_incluye_historial PASSED [ 41%]
tests/test_runtime.py::TestLogicaSinModelo::test_limpiar_historial PASSED [ 42%]
tests/test_runtime.py::TestLogicaSinModelo::test_stats_estructura PASSED [ 43%]
tests/test_runtime.py::TestLogicaSinModelo::test_stats_historial_turnos PASSED [ 44%]
tests/test_runtime.py::TestLogicaSinModelo::test_rechazar_finetune_retorna_string PASSED [ 44%]
tests/test_runtime.py::TestLogicaSinModelo::test_aceptar_finetune_retorna_string PASSED [ 45%]
tests/test_runtime.py::TestLogicaSinModelo::test_describe_retorna_string PASSED [ 46%]
tests/test_runtime.py::TestProcesarAcciones::test_sin_acciones_devuelve_original PASSED [ 47%]
tests/test_runtime.py::TestProcesarAcciones::test_accion_ejecutar PASSED [ 48%]
tests/test_runtime.py::TestProcesarAcciones::test_accion_leer_archivo_valido PASSED [ 49%]
tests/test_runtime.py::TestProcesarAcciones::test_accion_leer_archivo_inexistente PASSED [ 50%]
tests/test_runtime.py::TestProcesarAcciones::test_multiples_acciones PASSED [ 51%]
tests/test_skills.py::TestLectorArchivos::test_leer_archivo_existente PASSED [ 52%]
tests/test_skills.py::TestLectorArchivos::test_leer_archivo_incluye_numeros_linea PASSED [ 53%]
tests/test_skills.py::TestLectorArchivos::test_leer_archivo_rango_lineas PASSED [ 54%]
tests/test_skills.py::TestLectorArchivos::test_leer_extension_no_permitida PASSED [ 55%]
tests/test_skills.py::TestLectorArchivos::test_leer_archivo_inexistente PASSED [ 55%]
tests/test_skills.py::TestLectorArchivos::test_acceso_fuera_workspace_bloqueado PASSED [ 56%]
tests/test_skills.py::TestLectorArchivos::test_listar_directorio PASSED  [ 57%]
tests/test_skills.py::TestLectorArchivos::test_listar_subdirectorio PASSED [ 58%]
tests/test_skills.py::TestLectorArchivos::test_buscar_patron_existente PASSED [ 59%]
tests/test_skills.py::TestLectorArchivos::test_buscar_patron_inexistente PASSED [ 60%]
tests/test_skills.py::TestLectorArchivos::test_leer_json PASSED          [ 61%]
tests/test_skills.py::TestLectorArchivos::test_resultado_es_resultadoskill PASSED [ 62%]
tests/test_skills.py::TestEjecutorCodigo::test_print_simple PASSED       [ 63%]
tests/test_skills.py::TestEjecutorCodigo::test_stdout_multilinea PASSED  [ 64%]
tests/test_skills.py::TestEjecutorCodigo::test_codigo_vacio_falla PASSED [ 65%]
tests/test_skills.py::TestEjecutorCodigo::test_error_sintaxis PASSED     [ 66%]
tests/test_skills.py::TestEjecutorCodigo::test_excepcion_en_runtime PASSED [ 66%]
tests/test_skills.py::TestEjecutorCodigo::test_returncode_cero_en_exito PASSED [ 67%]
tests/test_skills.py::TestEjecutorCodigo::test_timeout_corto PASSED      [ 68%]
tests/test_skills.py::TestEjecutorCodigo::test_operacion_bloqueada_detectada PASSED [ 69%]
tests/test_skills.py::TestEjecutorCodigo::test_sin_output_reporta_sin_output PASSED [ 70%]
tests/test_skills.py::TestEjecutorCodigo::test_calculos_correctos PASSED [ 71%]
tests/test_skills.py::TestEjecutorCodigo::test_codigo_con_imports PASSED [ 72%]
tests/test_skills.py::TestEjecutorCodigo::test_resultado_es_resultadoskill PASSED [ 73%]
tests/test_skills.py::TestEjecutorCodigo::test_ejecutar_tests_con_test_simple PASSED [ 74%]
tests/test_skills.py::TestEjecutorCodigo::test_ejecutar_tests_con_test_fallido PASSED [ 75%]
tests/test_v3_arquitectura.py::TestConfigV3::test_head_dim_derivado PASSED [ 76%]
tests/test_v3_arquitectura.py::TestConfigV3::test_gqa_ratio PASSED       [ 77%]
tests/test_v3_arquitectura.py::TestConfigV3::test_n_rep_derivado PASSED  [ 77%]
tests/test_v3_arquitectura.py::TestConfigV3::test_ffn_hidden_positivo PASSED [ 78%]
tests/test_v3_arquitectura.py::TestConfigV3::test_presets_existen PASSED [ 79%]
tests/test_v3_arquitectura.py::TestConfigV3::test_preset_v3_grande_mayor_que_small PASSED [ 80%]
tests/test_v3_arquitectura.py::TestConfigV3::test_estimate_params_positivo PASSED [ 81%]
tests/test_v3_arquitectura.py::TestConfigV3::test_memory_estimate_positivo PASSED [ 82%]
tests/test_v3_arquitectura.py::TestForwardPass::test_logits_shape PASSED [ 83%]
tests/test_v3_arquitectura.py::TestForwardPass::test_loss_none_sin_targets PASSED [ 84%]
tests/test_v3_arquitectura.py::TestForwardPass::test_loss_valida_con_targets PASSED [ 85%]
tests/test_v3_arquitectura.py::TestForwardPass::test_info_contiene_exit_nivel PASSED [ 86%]
tests/test_v3_arquitectura.py::TestForwardPass::test_terr_acts_en_info PASSED [ 87%]
tests/test_v3_arquitectura.py::TestForwardPass::test_logits_finitos PASSED [ 88%]
tests/test_v3_arquitectura.py::TestEstructura::test_weight_tying PASSED  [ 88%]
tests/test_v3_arquitectura.py::TestEstructura::test_num_niveles PASSED   [ 89%]
tests/test_v3_arquitectura.py::TestEstructura::test_lateral_gate_scale_inicial PASSED [ 90%]
tests/test_v3_arquitectura.py::TestEstructura::test_count_params_positivo PASSED [ 91%]
tests/test_v3_arquitectura.py::TestEstructura::test_describe_retorna_str PASSED [ 92%]
tests/test_v3_arquitectura.py::TestEstructura::test_no_parametros_inf_nan PASSED [ 93%]
tests/test_v3_arquitectura.py::TestGeneracion::test_generate_ampl├¡a_secuencia PASSED [ 94%]
tests/test_v3_arquitectura.py::TestGeneracion::test_generate_max_tokens_respetado PASSED [ 95%]
tests/test_v3_arquitectura.py::TestGeneracion::test_generate_sin_nan PASSED [ 96%]
tests/test_v3_arquitectura.py::TestGeneracion::test_generate_top_k PASSED [ 97%]
tests/test_v3_arquitectura.py::TestGeneracion::test_generate_temperature PASSED [ 98%]
tests/test_v3_arquitectura.py::TestEarlyExit::test_early_exit_activo PASSED [ 99%]
tests/test_v3_arquitectura.py::TestEarlyExit::test_early_exit_inactivo PASSED [100%]

============================== warnings summary ===============================
<frozen importlib._bootstrap>:488
  <frozen importlib._bootstrap>:488: DeprecationWarning: builtin type SwigPyPacked has no __module__ attribute

<frozen importlib._bootstrap>:488
  <frozen importlib._bootstrap>:488: DeprecationWarning: builtin type SwigPyObject has no __module__ attribute

-- Docs: https://docs.pytest.org/en/stable/how-to/capture-warnings.html
====================== 109 passed, 2 warnings in 36.54s =======================
<sys>:0: DeprecationWarning: builtin type swigvarlink has no __module__ attribute
